{"/Users/dyeyyyc/Documents/GitHub/github-event/hol-copilot-lab/eCommApp/src/App.tsx": {"path":"/Users/dyeyyyc/Documents/GitHub/github-event/hol-copilot-lab/eCommApp/src/App.tsx","all":false,"statementMap":{"0":{"start":{"line":1,"column":0},"end":{"line":1,"column":49}},"1":{"start":{"line":2,"column":0},"end":{"line":2,"column":45}},"2":{"start":{"line":3,"column":0},"end":{"line":3,"column":53}},"3":{"start":{"line":4,"column":0},"end":{"line":4,"column":47}},"4":{"start":{"line":5,"column":0},"end":{"line":5,"column":47}},"5":{"start":{"line":6,"column":0},"end":{"line":6,"column":45}},"6":{"start":{"line":7,"column":0},"end":{"line":7,"column":53}},"7":{"start":{"line":8,"column":0},"end":{"line":8,"column":19}},"9":{"start":{"line":10,"column":0},"end":{"line":10,"column":16}},"10":{"start":{"line":11,"column":0},"end":{"line":11,"column":12}},"11":{"start":{"line":12,"column":0},"end":{"line":12,"column":22}},"12":{"start":{"line":13,"column":0},"end":{"line":13,"column":20}},"13":{"start":{"line":14,"column":0},"end":{"line":14,"column":57}},"14":{"start":{"line":15,"column":0},"end":{"line":15,"column":69}},"15":{"start":{"line":16,"column":0},"end":{"line":16,"column":63}},"16":{"start":{"line":17,"column":0},"end":{"line":17,"column":63}},"17":{"start":{"line":18,"column":0},"end":{"line":18,"column":61}},"18":{"start":{"line":19,"column":0},"end":{"line":19,"column":21}},"19":{"start":{"line":20,"column":0},"end":{"line":20,"column":23}},"21":{"start":{"line":22,"column":0},"end":{"line":22,"column":1}},"23":{"start":{"line":24,"column":0},"end":{"line":24,"column":19}}},"s":{"0":1,"1":1,"2":1,"3":1,"4":1,"5":1,"6":1,"7":1,"9":4,"10":4,"11":4,"12":4,"13":4,"14":4,"15":4,"16":4,"17":4,"18":4,"19":4,"21":4,"23":1},"branchMap":{"0":{"type":"branch","line":10,"loc":{"start":{"line":10,"column":0},"end":{"line":22,"column":1}},"locations":[{"start":{"line":10,"column":0},"end":{"line":22,"column":1}}]}},"b":{"0":[4]},"fnMap":{"0":{"name":"App","decl":{"start":{"line":10,"column":0},"end":{"line":22,"column":1}},"loc":{"start":{"line":10,"column":0},"end":{"line":22,"column":1}},"line":10}},"f":{"0":4}}
,"/Users/dyeyyyc/Documents/GitHub/github-event/hol-copilot-lab/eCommApp/src/main.tsx": {"path":"/Users/dyeyyyc/Documents/GitHub/github-event/hol-copilot-lab/eCommApp/src/main.tsx","all":true,"statementMap":{"0":{"start":{"line":1,"column":0},"end":{"line":1,"column":25}},"1":{"start":{"line":2,"column":0},"end":{"line":2,"column":39}},"2":{"start":{"line":3,"column":0},"end":{"line":3,"column":27}},"3":{"start":{"line":4,"column":0},"end":{"line":4,"column":20}},"4":{"start":{"line":5,"column":0},"end":{"line":5,"column":48}},"6":{"start":{"line":7,"column":0},"end":{"line":7,"column":61}},"7":{"start":{"line":8,"column":0},"end":{"line":8,"column":20}},"8":{"start":{"line":9,"column":0},"end":{"line":9,"column":19}},"9":{"start":{"line":10,"column":0},"end":{"line":10,"column":13}},"10":{"start":{"line":11,"column":0},"end":{"line":11,"column":20}},"11":{"start":{"line":12,"column":0},"end":{"line":12,"column":22}},"12":{"start":{"line":13,"column":0},"end":{"line":13,"column":1}}},"s":{"0":0,"1":0,"2":0,"3":0,"4":0,"6":0,"7":0,"8":0,"9":0,"10":0,"11":0,"12":0},"branchMap":{"0":{"type":"branch","line":1,"loc":{"start":{"line":1,"column":274},"end":{"line":13,"column":-233}},"locations":[{"start":{"line":1,"column":274},"end":{"line":13,"column":-233}}]}},"b":{"0":[0]},"fnMap":{"0":{"name":"(empty-report)","decl":{"start":{"line":1,"column":274},"end":{"line":13,"column":-233}},"loc":{"start":{"line":1,"column":274},"end":{"line":13,"column":-233}},"line":1}},"f":{"0":0}}
,"/Users/dyeyyyc/Documents/GitHub/github-event/hol-copilot-lab/eCommApp/src/components/AdminPage.tsx": {"path":"/Users/dyeyyyc/Documents/GitHub/github-event/hol-copilot-lab/eCommApp/src/components/AdminPage.tsx","all":false,"statementMap":{"0":{"start":{"line":1,"column":0},"end":{"line":1,"column":33}},"1":{"start":{"line":2,"column":0},"end":{"line":2,"column":40}},"2":{"start":{"line":3,"column":0},"end":{"line":3,"column":30}},"3":{"start":{"line":4,"column":0},"end":{"line":4,"column":30}},"5":{"start":{"line":6,"column":0},"end":{"line":6,"column":25}},"6":{"start":{"line":7,"column":0},"end":{"line":7,"column":62}},"7":{"start":{"line":8,"column":0},"end":{"line":8,"column":62}},"8":{"start":{"line":9,"column":0},"end":{"line":9,"column":65}},"10":{"start":{"line":11,"column":0},"end":{"line":11,"column":12}},"11":{"start":{"line":12,"column":0},"end":{"line":12,"column":29}},"12":{"start":{"line":13,"column":0},"end":{"line":13,"column":22}},"13":{"start":{"line":14,"column":0},"end":{"line":14,"column":43}},"14":{"start":{"line":15,"column":0},"end":{"line":15,"column":46}},"15":{"start":{"line":16,"column":0},"end":{"line":16,"column":57}},"16":{"start":{"line":17,"column":0},"end":{"line":17,"column":55}},"18":{"start":{"line":19,"column":0},"end":{"line":19,"column":42}},"19":{"start":{"line":20,"column":0},"end":{"line":20,"column":82}},"20":{"start":{"line":21,"column":0},"end":{"line":21,"column":91}},"21":{"start":{"line":22,"column":0},"end":{"line":22,"column":34}},"23":{"start":{"line":24,"column":0},"end":{"line":24,"column":101}},"24":{"start":{"line":25,"column":0},"end":{"line":25,"column":30}},"25":{"start":{"line":26,"column":0},"end":{"line":26,"column":44}},"26":{"start":{"line":27,"column":0},"end":{"line":27,"column":39}},"27":{"start":{"line":28,"column":0},"end":{"line":28,"column":46}},"28":{"start":{"line":29,"column":0},"end":{"line":29,"column":73}},"29":{"start":{"line":30,"column":0},"end":{"line":30,"column":92}},"30":{"start":{"line":31,"column":0},"end":{"line":31,"column":26}},"31":{"start":{"line":32,"column":0},"end":{"line":32,"column":59}},"32":{"start":{"line":33,"column":0},"end":{"line":33,"column":35}},"33":{"start":{"line":34,"column":0},"end":{"line":34,"column":48}},"34":{"start":{"line":35,"column":0},"end":{"line":35,"column":78}},"35":{"start":{"line":36,"column":0},"end":{"line":36,"column":64}},"36":{"start":{"line":37,"column":0},"end":{"line":37,"column":120}},"37":{"start":{"line":38,"column":0},"end":{"line":38,"column":44}},"38":{"start":{"line":39,"column":0},"end":{"line":39,"column":71}},"39":{"start":{"line":40,"column":0},"end":{"line":40,"column":37}},"40":{"start":{"line":41,"column":0},"end":{"line":41,"column":34}},"41":{"start":{"line":42,"column":0},"end":{"line":42,"column":63}},"42":{"start":{"line":43,"column":0},"end":{"line":43,"column":29}},"44":{"start":{"line":45,"column":0},"end":{"line":45,"column":37}},"45":{"start":{"line":46,"column":0},"end":{"line":46,"column":35}},"46":{"start":{"line":47,"column":0},"end":{"line":47,"column":90}},"47":{"start":{"line":48,"column":0},"end":{"line":48,"column":29}},"49":{"start":{"line":50,"column":0},"end":{"line":50,"column":37}},"50":{"start":{"line":51,"column":0},"end":{"line":51,"column":30}},"51":{"start":{"line":52,"column":0},"end":{"line":52,"column":26}},"52":{"start":{"line":53,"column":0},"end":{"line":53,"column":69}},"53":{"start":{"line":54,"column":0},"end":{"line":54,"column":103}},"54":{"start":{"line":55,"column":0},"end":{"line":55,"column":24}},"55":{"start":{"line":56,"column":0},"end":{"line":56,"column":33}},"56":{"start":{"line":57,"column":0},"end":{"line":57,"column":89}},"57":{"start":{"line":58,"column":0},"end":{"line":58,"column":27}},"58":{"start":{"line":59,"column":0},"end":{"line":59,"column":22}},"59":{"start":{"line":60,"column":0},"end":{"line":60,"column":19}},"60":{"start":{"line":61,"column":0},"end":{"line":61,"column":22}},"61":{"start":{"line":62,"column":0},"end":{"line":62,"column":14}},"63":{"start":{"line":64,"column":0},"end":{"line":64,"column":2}},"65":{"start":{"line":66,"column":0},"end":{"line":66,"column":25}}},"s":{"0":1,"1":1,"2":1,"3":1,"5":1,"6":78,"7":78,"8":78,"10":78,"11":78,"12":78,"13":78,"14":78,"15":78,"16":78,"18":78,"19":8,"20":8,"21":8,"23":78,"24":78,"25":78,"26":78,"27":78,"28":78,"29":78,"30":78,"31":78,"32":78,"33":78,"34":11,"35":11,"36":4,"37":11,"38":7,"39":7,"40":11,"41":78,"42":78,"44":78,"45":78,"46":78,"47":78,"49":78,"50":78,"51":78,"52":78,"53":78,"54":78,"55":78,"56":78,"57":78,"58":78,"59":78,"60":78,"61":78,"63":78,"65":1},"branchMap":{"0":{"type":"branch","line":6,"loc":{"start":{"line":6,"column":18},"end":{"line":64,"column":2}},"locations":[{"start":{"line":6,"column":18},"end":{"line":64,"column":2}}]},"1":{"type":"branch","line":19,"loc":{"start":{"line":19,"column":25},"end":{"line":22,"column":34}},"locations":[{"start":{"line":19,"column":25},"end":{"line":22,"column":34}}]},"2":{"type":"branch","line":54,"loc":{"start":{"line":54,"column":39},"end":{"line":54,"column":85}},"locations":[{"start":{"line":54,"column":39},"end":{"line":54,"column":85}}]},"3":{"type":"branch","line":54,"loc":{"start":{"line":54,"column":74},"end":{"line":54,"column":103}},"locations":[{"start":{"line":54,"column":74},"end":{"line":54,"column":103}}]},"4":{"type":"branch","line":29,"loc":{"start":{"line":29,"column":38},"end":{"line":29,"column":73}},"locations":[{"start":{"line":29,"column":38},"end":{"line":29,"column":73}}]},"5":{"type":"branch","line":34,"loc":{"start":{"line":34,"column":41},"end":{"line":41,"column":34}},"locations":[{"start":{"line":34,"column":41},"end":{"line":41,"column":34}}]},"6":{"type":"branch","line":36,"loc":{"start":{"line":36,"column":63},"end":{"line":38,"column":43}},"locations":[{"start":{"line":36,"column":63},"end":{"line":38,"column":43}}]},"7":{"type":"branch","line":38,"loc":{"start":{"line":38,"column":36},"end":{"line":40,"column":37}},"locations":[{"start":{"line":38,"column":36},"end":{"line":40,"column":37}}]},"8":{"type":"branch","line":47,"loc":{"start":{"line":47,"column":41},"end":{"line":47,"column":90}},"locations":[{"start":{"line":47,"column":41},"end":{"line":47,"column":90}}]}},"b":{"0":[78],"1":[8],"2":[6],"3":[72],"4":[50],"5":[11],"6":[4],"7":[7],"8":[2]},"fnMap":{"0":{"name":"AdminPage","decl":{"start":{"line":6,"column":18},"end":{"line":64,"column":2}},"loc":{"start":{"line":6,"column":18},"end":{"line":64,"column":2}},"line":6},"1":{"name":"onChange","decl":{"start":{"line":29,"column":38},"end":{"line":29,"column":73}},"loc":{"start":{"line":29,"column":38},"end":{"line":29,"column":73}},"line":29},"2":{"name":"onClick","decl":{"start":{"line":34,"column":41},"end":{"line":41,"column":34}},"loc":{"start":{"line":34,"column":41},"end":{"line":41,"column":34}},"line":34},"3":{"name":"onClick","decl":{"start":{"line":47,"column":41},"end":{"line":47,"column":90}},"loc":{"start":{"line":47,"column":41},"end":{"line":47,"column":90}},"line":47}},"f":{"0":78,"1":50,"2":11,"3":2}}
,"/Users/dyeyyyc/Documents/GitHub/github-event/hol-copilot-lab/eCommApp/src/components/CartPage.tsx": {"path":"/Users/dyeyyyc/Documents/GitHub/github-event/hol-copilot-lab/eCommApp/src/components/CartPage.tsx","all":false,"statementMap":{"0":{"start":{"line":1,"column":0},"end":{"line":1,"column":45}},"1":{"start":{"line":2,"column":0},"end":{"line":2,"column":30}},"2":{"start":{"line":3,"column":0},"end":{"line":3,"column":30}},"3":{"start":{"line":4,"column":0},"end":{"line":4,"column":63}},"4":{"start":{"line":5,"column":0},"end":{"line":5,"column":44}},"6":{"start":{"line":7,"column":0},"end":{"line":7,"column":24}},"7":{"start":{"line":8,"column":0},"end":{"line":8,"column":62}},"8":{"start":{"line":9,"column":0},"end":{"line":9,"column":64}},"9":{"start":{"line":10,"column":0},"end":{"line":10,"column":73}},"10":{"start":{"line":11,"column":0},"end":{"line":11,"column":48}},"12":{"start":{"line":13,"column":0},"end":{"line":13,"column":23}},"13":{"start":{"line":14,"column":0},"end":{"line":14,"column":74}},"14":{"start":{"line":15,"column":0},"end":{"line":15,"column":5}},"16":{"start":{"line":17,"column":0},"end":{"line":17,"column":49}},"18":{"start":{"line":19,"column":0},"end":{"line":19,"column":34}},"19":{"start":{"line":20,"column":0},"end":{"line":20,"column":31}},"20":{"start":{"line":21,"column":0},"end":{"line":21,"column":6}},"22":{"start":{"line":23,"column":0},"end":{"line":23,"column":41}},"23":{"start":{"line":24,"column":0},"end":{"line":24,"column":42}},"24":{"start":{"line":25,"column":0},"end":{"line":25,"column":20}},"25":{"start":{"line":26,"column":0},"end":{"line":26,"column":32}},"26":{"start":{"line":27,"column":0},"end":{"line":27,"column":32}},"27":{"start":{"line":28,"column":0},"end":{"line":28,"column":6}},"29":{"start":{"line":30,"column":0},"end":{"line":30,"column":25}},"30":{"start":{"line":31,"column":0},"end":{"line":31,"column":16}},"31":{"start":{"line":32,"column":0},"end":{"line":32,"column":33}},"32":{"start":{"line":33,"column":0},"end":{"line":33,"column":26}},"33":{"start":{"line":34,"column":0},"end":{"line":34,"column":47}},"34":{"start":{"line":35,"column":0},"end":{"line":35,"column":63}},"35":{"start":{"line":36,"column":0},"end":{"line":36,"column":63}},"36":{"start":{"line":37,"column":0},"end":{"line":37,"column":57}},"37":{"start":{"line":38,"column":0},"end":{"line":38,"column":57}},"38":{"start":{"line":39,"column":0},"end":{"line":39,"column":78}},"39":{"start":{"line":40,"column":0},"end":{"line":40,"column":132}},"40":{"start":{"line":41,"column":0},"end":{"line":41,"column":68}},"41":{"start":{"line":42,"column":0},"end":{"line":42,"column":60}},"42":{"start":{"line":43,"column":0},"end":{"line":43,"column":78}},"43":{"start":{"line":44,"column":0},"end":{"line":44,"column":72}},"44":{"start":{"line":45,"column":0},"end":{"line":45,"column":42}},"45":{"start":{"line":46,"column":0},"end":{"line":46,"column":38}},"46":{"start":{"line":47,"column":0},"end":{"line":47,"column":31}},"47":{"start":{"line":48,"column":0},"end":{"line":48,"column":30}},"48":{"start":{"line":49,"column":0},"end":{"line":49,"column":26}},"49":{"start":{"line":50,"column":0},"end":{"line":50,"column":23}},"50":{"start":{"line":51,"column":0},"end":{"line":51,"column":26}},"51":{"start":{"line":52,"column":0},"end":{"line":52,"column":18}},"53":{"start":{"line":54,"column":0},"end":{"line":54,"column":5}},"55":{"start":{"line":56,"column":0},"end":{"line":56,"column":12}},"56":{"start":{"line":57,"column":0},"end":{"line":57,"column":29}},"57":{"start":{"line":58,"column":0},"end":{"line":58,"column":22}},"58":{"start":{"line":59,"column":0},"end":{"line":59,"column":43}},"59":{"start":{"line":60,"column":0},"end":{"line":60,"column":48}},"60":{"start":{"line":61,"column":0},"end":{"line":61,"column":38}},"61":{"start":{"line":62,"column":0},"end":{"line":62,"column":47}},"62":{"start":{"line":63,"column":0},"end":{"line":63,"column":50}},"64":{"start":{"line":65,"column":0},"end":{"line":65,"column":26}},"65":{"start":{"line":66,"column":0},"end":{"line":66,"column":61}},"66":{"start":{"line":67,"column":0},"end":{"line":67,"column":56}},"67":{"start":{"line":68,"column":0},"end":{"line":68,"column":82}},"68":{"start":{"line":69,"column":0},"end":{"line":69,"column":136}},"69":{"start":{"line":70,"column":0},"end":{"line":70,"column":72}},"70":{"start":{"line":71,"column":0},"end":{"line":71,"column":64}},"71":{"start":{"line":72,"column":0},"end":{"line":72,"column":82}},"72":{"start":{"line":73,"column":0},"end":{"line":73,"column":76}},"73":{"start":{"line":74,"column":0},"end":{"line":74,"column":46}},"74":{"start":{"line":75,"column":0},"end":{"line":75,"column":42}},"75":{"start":{"line":76,"column":0},"end":{"line":76,"column":35}},"76":{"start":{"line":77,"column":0},"end":{"line":77,"column":34}},"77":{"start":{"line":78,"column":0},"end":{"line":78,"column":103}},"78":{"start":{"line":79,"column":0},"end":{"line":79,"column":27}},"80":{"start":{"line":81,"column":0},"end":{"line":81,"column":22}},"81":{"start":{"line":82,"column":0},"end":{"line":82,"column":19}},"82":{"start":{"line":83,"column":0},"end":{"line":83,"column":22}},"83":{"start":{"line":84,"column":0},"end":{"line":84,"column":31}},"84":{"start":{"line":85,"column":0},"end":{"line":85,"column":30}},"85":{"start":{"line":86,"column":0},"end":{"line":86,"column":53}},"86":{"start":{"line":87,"column":0},"end":{"line":87,"column":60}},"87":{"start":{"line":88,"column":0},"end":{"line":88,"column":18}},"89":{"start":{"line":90,"column":0},"end":{"line":90,"column":14}},"91":{"start":{"line":92,"column":0},"end":{"line":92,"column":2}},"93":{"start":{"line":94,"column":0},"end":{"line":94,"column":24}}},"s":{"0":1,"1":1,"2":1,"3":1,"4":1,"6":1,"7":29,"8":29,"9":29,"10":29,"12":29,"13":4,"14":4,"16":24,"18":24,"19":5,"20":5,"22":24,"23":3,"24":3,"25":3,"26":3,"27":3,"29":29,"30":3,"31":3,"32":3,"33":3,"34":3,"35":3,"36":3,"37":3,"38":6,"39":6,"40":6,"41":6,"42":6,"43":6,"44":6,"45":6,"46":3,"47":3,"48":3,"49":3,"50":3,"51":3,"53":3,"55":21,"56":21,"57":21,"58":21,"59":21,"60":21,"61":21,"62":2,"64":19,"65":19,"66":19,"67":37,"68":37,"69":37,"70":37,"71":37,"72":37,"73":37,"74":37,"75":19,"76":19,"77":19,"78":19,"80":29,"81":29,"82":29,"83":29,"84":5,"85":5,"86":5,"87":5,"89":29,"91":29,"93":1},"branchMap":{"0":{"type":"branch","line":7,"loc":{"start":{"line":7,"column":17},"end":{"line":92,"column":2}},"locations":[{"start":{"line":7,"column":17},"end":{"line":92,"column":2}}]},"1":{"type":"branch","line":13,"loc":{"start":{"line":13,"column":22},"end":{"line":15,"column":5}},"locations":[{"start":{"line":13,"column":22},"end":{"line":15,"column":5}}]},"2":{"type":"branch","line":15,"loc":{"start":{"line":15,"column":4},"end":{"line":30,"column":24}},"locations":[{"start":{"line":15,"column":4},"end":{"line":30,"column":24}}]},"3":{"type":"branch","line":30,"loc":{"start":{"line":30,"column":24},"end":{"line":54,"column":5}},"locations":[{"start":{"line":30,"column":24},"end":{"line":54,"column":5}}]},"4":{"type":"branch","line":54,"loc":{"start":{"line":54,"column":4},"end":{"line":62,"column":47}},"locations":[{"start":{"line":54,"column":4},"end":{"line":62,"column":47}}]},"5":{"type":"branch","line":62,"loc":{"start":{"line":62,"column":42},"end":{"line":63,"column":50}},"locations":[{"start":{"line":62,"column":42},"end":{"line":63,"column":50}}]},"6":{"type":"branch","line":63,"loc":{"start":{"line":63,"column":46},"end":{"line":79,"column":27}},"locations":[{"start":{"line":63,"column":46},"end":{"line":79,"column":27}}]},"7":{"type":"branch","line":84,"loc":{"start":{"line":84,"column":13},"end":{"line":88,"column":18}},"locations":[{"start":{"line":84,"column":13},"end":{"line":88,"column":18}}]},"8":{"type":"branch","line":19,"loc":{"start":{"line":19,"column":27},"end":{"line":21,"column":6}},"locations":[{"start":{"line":19,"column":27},"end":{"line":21,"column":6}}]},"9":{"type":"branch","line":23,"loc":{"start":{"line":23,"column":34},"end":{"line":28,"column":6}},"locations":[{"start":{"line":23,"column":34},"end":{"line":28,"column":6}}]},"10":{"type":"branch","line":38,"loc":{"start":{"line":38,"column":48},"end":{"line":46,"column":38}},"locations":[{"start":{"line":38,"column":48},"end":{"line":46,"column":38}}]},"11":{"type":"branch","line":67,"loc":{"start":{"line":67,"column":47},"end":{"line":75,"column":42}},"locations":[{"start":{"line":67,"column":47},"end":{"line":75,"column":42}}]},"12":{"type":"branch","line":87,"loc":{"start":{"line":87,"column":30},"end":{"line":87,"column":60}},"locations":[{"start":{"line":87,"column":30},"end":{"line":87,"column":60}}]}},"b":{"0":[29],"1":[4],"2":[24],"3":[3],"4":[21],"5":[2],"6":[19],"7":[5],"8":[5],"9":[3],"10":[6],"11":[37],"12":[1]},"fnMap":{"0":{"name":"CartPage","decl":{"start":{"line":7,"column":17},"end":{"line":92,"column":2}},"loc":{"start":{"line":7,"column":17},"end":{"line":92,"column":2}},"line":7},"1":{"name":"handleCheckout","decl":{"start":{"line":19,"column":27},"end":{"line":21,"column":6}},"loc":{"start":{"line":19,"column":27},"end":{"line":21,"column":6}},"line":19},"2":{"name":"handleConfirmCheckout","decl":{"start":{"line":23,"column":34},"end":{"line":28,"column":6}},"loc":{"start":{"line":23,"column":34},"end":{"line":28,"column":6}},"line":23},"3":{"name":"onCancel","decl":{"start":{"line":87,"column":30},"end":{"line":87,"column":60}},"loc":{"start":{"line":87,"column":30},"end":{"line":87,"column":60}},"line":87}},"f":{"0":29,"1":5,"2":3,"3":1}}
,"/Users/dyeyyyc/Documents/GitHub/github-event/hol-copilot-lab/eCommApp/src/components/CheckoutModal.tsx": {"path":"/Users/dyeyyyc/Documents/GitHub/github-event/hol-copilot-lab/eCommApp/src/components/CheckoutModal.tsx","all":false,"statementMap":{"5":{"start":{"line":6,"column":0},"end":{"line":6,"column":72}},"6":{"start":{"line":7,"column":0},"end":{"line":7,"column":12}},"7":{"start":{"line":8,"column":0},"end":{"line":8,"column":40}},"8":{"start":{"line":9,"column":0},"end":{"line":9,"column":43}},"9":{"start":{"line":10,"column":0},"end":{"line":10,"column":38}},"10":{"start":{"line":11,"column":0},"end":{"line":11,"column":64}},"11":{"start":{"line":12,"column":0},"end":{"line":12,"column":56}},"12":{"start":{"line":13,"column":0},"end":{"line":13,"column":74}},"13":{"start":{"line":14,"column":0},"end":{"line":14,"column":93}},"14":{"start":{"line":15,"column":0},"end":{"line":15,"column":22}},"15":{"start":{"line":16,"column":0},"end":{"line":16,"column":18}},"16":{"start":{"line":17,"column":0},"end":{"line":17,"column":14}},"18":{"start":{"line":19,"column":0},"end":{"line":19,"column":2}},"20":{"start":{"line":21,"column":0},"end":{"line":21,"column":29}}},"s":{"5":1,"6":7,"7":7,"8":7,"9":7,"10":7,"11":7,"12":7,"13":7,"14":7,"15":7,"16":7,"18":7,"20":1},"branchMap":{"0":{"type":"branch","line":6,"loc":{"start":{"line":6,"column":22},"end":{"line":19,"column":2}},"locations":[{"start":{"line":6,"column":22},"end":{"line":19,"column":2}}]}},"b":{"0":[7]},"fnMap":{"0":{"name":"CheckoutModal","decl":{"start":{"line":6,"column":22},"end":{"line":19,"column":2}},"loc":{"start":{"line":6,"column":22},"end":{"line":19,"column":2}},"line":6}},"f":{"0":7}}
,"/Users/dyeyyyc/Documents/GitHub/github-event/hol-copilot-lab/eCommApp/src/components/Footer.tsx": {"path":"/Users/dyeyyyc/Documents/GitHub/github-event/hol-copilot-lab/eCommApp/src/components/Footer.tsx","all":false,"statementMap":{"0":{"start":{"line":1,"column":0},"end":{"line":1,"column":22}},"1":{"start":{"line":2,"column":0},"end":{"line":2,"column":12}},"2":{"start":{"line":3,"column":0},"end":{"line":3,"column":39}},"3":{"start":{"line":4,"column":0},"end":{"line":4,"column":70}},"4":{"start":{"line":5,"column":0},"end":{"line":5,"column":17}},"6":{"start":{"line":7,"column":0},"end":{"line":7,"column":2}},"8":{"start":{"line":9,"column":0},"end":{"line":9,"column":22}}},"s":{"0":1,"1":6,"2":6,"3":6,"4":6,"6":6,"8":1},"branchMap":{"0":{"type":"branch","line":1,"loc":{"start":{"line":1,"column":15},"end":{"line":7,"column":2}},"locations":[{"start":{"line":1,"column":15},"end":{"line":7,"column":2}}]}},"b":{"0":[6]},"fnMap":{"0":{"name":"Footer","decl":{"start":{"line":1,"column":15},"end":{"line":7,"column":2}},"loc":{"start":{"line":1,"column":15},"end":{"line":7,"column":2}},"line":1}},"f":{"0":6}}
,"/Users/dyeyyyc/Documents/GitHub/github-event/hol-copilot-lab/eCommApp/src/components/Header.tsx": {"path":"/Users/dyeyyyc/Documents/GitHub/github-event/hol-copilot-lab/eCommApp/src/components/Header.tsx","all":false,"statementMap":{"0":{"start":{"line":1,"column":0},"end":{"line":1,"column":40}},"2":{"start":{"line":3,"column":0},"end":{"line":3,"column":22}},"3":{"start":{"line":4,"column":0},"end":{"line":4,"column":12}},"4":{"start":{"line":5,"column":0},"end":{"line":5,"column":39}},"5":{"start":{"line":6,"column":0},"end":{"line":6,"column":38}},"6":{"start":{"line":7,"column":0},"end":{"line":7,"column":17}},"7":{"start":{"line":8,"column":0},"end":{"line":8,"column":40}},"8":{"start":{"line":9,"column":0},"end":{"line":9,"column":52}},"9":{"start":{"line":10,"column":0},"end":{"line":10,"column":44}},"10":{"start":{"line":11,"column":0},"end":{"line":11,"column":34}},"11":{"start":{"line":12,"column":0},"end":{"line":12,"column":48}},"12":{"start":{"line":13,"column":0},"end":{"line":13,"column":23}},"13":{"start":{"line":14,"column":0},"end":{"line":14,"column":18}},"14":{"start":{"line":15,"column":0},"end":{"line":15,"column":17}},"16":{"start":{"line":17,"column":0},"end":{"line":17,"column":2}},"18":{"start":{"line":19,"column":0},"end":{"line":19,"column":22}}},"s":{"0":1,"2":1,"3":8,"4":8,"5":8,"6":8,"7":8,"8":8,"9":8,"10":8,"11":8,"12":8,"13":8,"14":8,"16":8,"18":1},"branchMap":{"0":{"type":"branch","line":3,"loc":{"start":{"line":3,"column":15},"end":{"line":17,"column":2}},"locations":[{"start":{"line":3,"column":15},"end":{"line":17,"column":2}}]}},"b":{"0":[8]},"fnMap":{"0":{"name":"Header","decl":{"start":{"line":3,"column":15},"end":{"line":17,"column":2}},"loc":{"start":{"line":3,"column":15},"end":{"line":17,"column":2}},"line":3}},"f":{"0":8}}
,"/Users/dyeyyyc/Documents/GitHub/github-event/hol-copilot-lab/eCommApp/src/components/HomePage.tsx": {"path":"/Users/dyeyyyc/Documents/GitHub/github-event/hol-copilot-lab/eCommApp/src/components/HomePage.tsx","all":false,"statementMap":{"0":{"start":{"line":1,"column":0},"end":{"line":1,"column":30}},"1":{"start":{"line":2,"column":0},"end":{"line":2,"column":30}},"3":{"start":{"line":4,"column":0},"end":{"line":4,"column":24}},"4":{"start":{"line":5,"column":0},"end":{"line":5,"column":12}},"5":{"start":{"line":6,"column":0},"end":{"line":6,"column":29}},"6":{"start":{"line":7,"column":0},"end":{"line":7,"column":22}},"7":{"start":{"line":8,"column":0},"end":{"line":8,"column":43}},"8":{"start":{"line":9,"column":0},"end":{"line":9,"column":65}},"9":{"start":{"line":10,"column":0},"end":{"line":10,"column":72}},"10":{"start":{"line":11,"column":0},"end":{"line":11,"column":19}},"11":{"start":{"line":12,"column":0},"end":{"line":12,"column":22}},"12":{"start":{"line":13,"column":0},"end":{"line":13,"column":14}},"14":{"start":{"line":15,"column":0},"end":{"line":15,"column":2}},"16":{"start":{"line":17,"column":0},"end":{"line":17,"column":24}}},"s":{"0":1,"1":1,"3":1,"4":11,"5":11,"6":11,"7":11,"8":11,"9":11,"10":11,"11":11,"12":11,"14":11,"16":1},"branchMap":{"0":{"type":"branch","line":4,"loc":{"start":{"line":4,"column":17},"end":{"line":15,"column":2}},"locations":[{"start":{"line":4,"column":17},"end":{"line":15,"column":2}}]}},"b":{"0":[11]},"fnMap":{"0":{"name":"HomePage","decl":{"start":{"line":4,"column":17},"end":{"line":15,"column":2}},"loc":{"start":{"line":4,"column":17},"end":{"line":15,"column":2}},"line":4}},"f":{"0":11}}
,"/Users/dyeyyyc/Documents/GitHub/github-event/hol-copilot-lab/eCommApp/src/components/LoginPage.tsx": {"path":"/Users/dyeyyyc/Documents/GitHub/github-event/hol-copilot-lab/eCommApp/src/components/LoginPage.tsx","all":false,"statementMap":{"0":{"start":{"line":1,"column":0},"end":{"line":1,"column":33}},"1":{"start":{"line":2,"column":0},"end":{"line":2,"column":47}},"2":{"start":{"line":3,"column":0},"end":{"line":3,"column":30}},"3":{"start":{"line":4,"column":0},"end":{"line":4,"column":30}},"5":{"start":{"line":6,"column":0},"end":{"line":6,"column":25}},"6":{"start":{"line":7,"column":0},"end":{"line":7,"column":49}},"7":{"start":{"line":8,"column":0},"end":{"line":8,"column":49}},"8":{"start":{"line":9,"column":0},"end":{"line":9,"column":53}},"9":{"start":{"line":10,"column":0},"end":{"line":10,"column":35}},"11":{"start":{"line":12,"column":0},"end":{"line":12,"column":49}},"12":{"start":{"line":13,"column":0},"end":{"line":13,"column":27}},"13":{"start":{"line":14,"column":0},"end":{"line":14,"column":59}},"14":{"start":{"line":15,"column":0},"end":{"line":15,"column":30}},"15":{"start":{"line":16,"column":0},"end":{"line":16,"column":28}},"16":{"start":{"line":17,"column":0},"end":{"line":17,"column":28}},"17":{"start":{"line":18,"column":0},"end":{"line":18,"column":31}},"18":{"start":{"line":19,"column":0},"end":{"line":19,"column":16}},"19":{"start":{"line":20,"column":0},"end":{"line":20,"column":49}},"20":{"start":{"line":21,"column":0},"end":{"line":21,"column":9}},"21":{"start":{"line":22,"column":0},"end":{"line":22,"column":6}},"23":{"start":{"line":24,"column":0},"end":{"line":24,"column":12}},"24":{"start":{"line":25,"column":0},"end":{"line":25,"column":29}},"25":{"start":{"line":26,"column":0},"end":{"line":26,"column":22}},"26":{"start":{"line":27,"column":0},"end":{"line":27,"column":43}},"27":{"start":{"line":28,"column":0},"end":{"line":28,"column":49}},"28":{"start":{"line":29,"column":0},"end":{"line":29,"column":40}},"30":{"start":{"line":31,"column":0},"end":{"line":31,"column":117}},"31":{"start":{"line":32,"column":0},"end":{"line":32,"column":30}},"32":{"start":{"line":33,"column":0},"end":{"line":33,"column":39}},"33":{"start":{"line":34,"column":0},"end":{"line":34,"column":50}},"34":{"start":{"line":35,"column":0},"end":{"line":35,"column":44}},"35":{"start":{"line":36,"column":0},"end":{"line":36,"column":71}},"36":{"start":{"line":37,"column":0},"end":{"line":37,"column":79}},"37":{"start":{"line":38,"column":0},"end":{"line":38,"column":37}},"38":{"start":{"line":39,"column":0},"end":{"line":39,"column":26}},"39":{"start":{"line":40,"column":0},"end":{"line":40,"column":30}},"40":{"start":{"line":41,"column":0},"end":{"line":41,"column":43}},"41":{"start":{"line":42,"column":0},"end":{"line":42,"column":50}},"42":{"start":{"line":43,"column":0},"end":{"line":43,"column":44}},"43":{"start":{"line":44,"column":0},"end":{"line":44,"column":71}},"44":{"start":{"line":45,"column":0},"end":{"line":45,"column":79}},"45":{"start":{"line":46,"column":0},"end":{"line":46,"column":26}},"46":{"start":{"line":47,"column":0},"end":{"line":47,"column":90}},"47":{"start":{"line":48,"column":0},"end":{"line":48,"column":103}},"48":{"start":{"line":49,"column":0},"end":{"line":49,"column":27}},"49":{"start":{"line":50,"column":0},"end":{"line":50,"column":22}},"50":{"start":{"line":51,"column":0},"end":{"line":51,"column":19}},"51":{"start":{"line":52,"column":0},"end":{"line":52,"column":22}},"52":{"start":{"line":53,"column":0},"end":{"line":53,"column":14}},"54":{"start":{"line":55,"column":0},"end":{"line":55,"column":2}},"56":{"start":{"line":57,"column":0},"end":{"line":57,"column":25}}},"s":{"0":1,"1":1,"2":1,"3":1,"5":1,"6":97,"7":97,"8":97,"9":97,"11":97,"12":7,"13":7,"14":2,"15":2,"16":2,"17":2,"18":7,"19":5,"20":5,"21":7,"23":97,"24":97,"25":97,"26":97,"27":97,"28":97,"30":97,"31":97,"32":97,"33":97,"34":97,"35":97,"36":97,"37":97,"38":97,"39":97,"40":97,"41":97,"42":97,"43":97,"44":97,"45":97,"46":97,"47":97,"48":97,"49":97,"50":97,"51":97,"52":97,"54":97,"56":1},"branchMap":{"0":{"type":"branch","line":6,"loc":{"start":{"line":6,"column":18},"end":{"line":55,"column":2}},"locations":[{"start":{"line":6,"column":18},"end":{"line":55,"column":2}}]},"1":{"type":"branch","line":48,"loc":{"start":{"line":48,"column":25},"end":{"line":48,"column":103}},"locations":[{"start":{"line":48,"column":25},"end":{"line":48,"column":103}}]},"2":{"type":"branch","line":12,"loc":{"start":{"line":12,"column":24},"end":{"line":22,"column":6}},"locations":[{"start":{"line":12,"column":24},"end":{"line":22,"column":6}}]},"3":{"type":"branch","line":14,"loc":{"start":{"line":14,"column":25},"end":{"line":14,"column":58}},"locations":[{"start":{"line":14,"column":25},"end":{"line":14,"column":58}}]},"4":{"type":"branch","line":14,"loc":{"start":{"line":14,"column":58},"end":{"line":19,"column":15}},"locations":[{"start":{"line":14,"column":58},"end":{"line":19,"column":15}}]},"5":{"type":"branch","line":19,"loc":{"start":{"line":19,"column":8},"end":{"line":21,"column":9}},"locations":[{"start":{"line":19,"column":8},"end":{"line":21,"column":9}}]},"6":{"type":"branch","line":36,"loc":{"start":{"line":36,"column":38},"end":{"line":36,"column":71}},"locations":[{"start":{"line":36,"column":38},"end":{"line":36,"column":71}}]},"7":{"type":"branch","line":44,"loc":{"start":{"line":44,"column":38},"end":{"line":44,"column":71}},"locations":[{"start":{"line":44,"column":38},"end":{"line":44,"column":71}}]}},"b":{"0":[97],"1":[5],"2":[7],"3":[3],"4":[2],"5":[5],"6":[38],"7":[38]},"fnMap":{"0":{"name":"LoginPage","decl":{"start":{"line":6,"column":18},"end":{"line":55,"column":2}},"loc":{"start":{"line":6,"column":18},"end":{"line":55,"column":2}},"line":6},"1":{"name":"handleLogin","decl":{"start":{"line":12,"column":24},"end":{"line":22,"column":6}},"loc":{"start":{"line":12,"column":24},"end":{"line":22,"column":6}},"line":12},"2":{"name":"onChange","decl":{"start":{"line":36,"column":38},"end":{"line":36,"column":71}},"loc":{"start":{"line":36,"column":38},"end":{"line":36,"column":71}},"line":36},"3":{"name":"onChange","decl":{"start":{"line":44,"column":38},"end":{"line":44,"column":71}},"loc":{"start":{"line":44,"column":38},"end":{"line":44,"column":71}},"line":44}},"f":{"0":97,"1":7,"2":38,"3":38}}
,"/Users/dyeyyyc/Documents/GitHub/github-event/hol-copilot-lab/eCommApp/src/components/ProductsPage.tsx": {"path":"/Users/dyeyyyc/Documents/GitHub/github-event/hol-copilot-lab/eCommApp/src/components/ProductsPage.tsx","all":false,"statementMap":{"0":{"start":{"line":1,"column":0},"end":{"line":1,"column":56}},"2":{"start":{"line":3,"column":0},"end":{"line":3,"column":30}},"3":{"start":{"line":4,"column":0},"end":{"line":4,"column":30}},"4":{"start":{"line":5,"column":0},"end":{"line":5,"column":40}},"5":{"start":{"line":6,"column":0},"end":{"line":6,"column":53}},"7":{"start":{"line":8,"column":0},"end":{"line":8,"column":28}},"8":{"start":{"line":9,"column":0},"end":{"line":9,"column":60}},"9":{"start":{"line":10,"column":0},"end":{"line":10,"column":49}},"10":{"start":{"line":11,"column":0},"end":{"line":11,"column":81}},"11":{"start":{"line":12,"column":0},"end":{"line":12,"column":48}},"13":{"start":{"line":14,"column":0},"end":{"line":14,"column":23}},"14":{"start":{"line":15,"column":0},"end":{"line":15,"column":74}},"15":{"start":{"line":16,"column":0},"end":{"line":16,"column":5}},"17":{"start":{"line":18,"column":0},"end":{"line":18,"column":38}},"19":{"start":{"line":20,"column":0},"end":{"line":20,"column":21}},"20":{"start":{"line":21,"column":0},"end":{"line":21,"column":42}},"21":{"start":{"line":22,"column":0},"end":{"line":22,"column":17}},"22":{"start":{"line":23,"column":0},"end":{"line":23,"column":38}},"23":{"start":{"line":24,"column":0},"end":{"line":24,"column":33}},"24":{"start":{"line":25,"column":0},"end":{"line":25,"column":34}},"25":{"start":{"line":26,"column":0},"end":{"line":26,"column":34}},"26":{"start":{"line":27,"column":0},"end":{"line":27,"column":31}},"27":{"start":{"line":28,"column":0},"end":{"line":28,"column":18}},"28":{"start":{"line":29,"column":0},"end":{"line":29,"column":74}},"29":{"start":{"line":30,"column":0},"end":{"line":30,"column":69}},"30":{"start":{"line":31,"column":0},"end":{"line":31,"column":80}},"31":{"start":{"line":32,"column":0},"end":{"line":32,"column":49}},"32":{"start":{"line":33,"column":0},"end":{"line":33,"column":19}},"33":{"start":{"line":34,"column":0},"end":{"line":34,"column":74}},"34":{"start":{"line":35,"column":0},"end":{"line":35,"column":44}},"35":{"start":{"line":36,"column":0},"end":{"line":36,"column":29}},"36":{"start":{"line":37,"column":0},"end":{"line":37,"column":64}},"37":{"start":{"line":38,"column":0},"end":{"line":38,"column":23}},"38":{"start":{"line":39,"column":0},"end":{"line":39,"column":34}},"39":{"start":{"line":40,"column":0},"end":{"line":40,"column":13}},"40":{"start":{"line":41,"column":0},"end":{"line":41,"column":10}},"41":{"start":{"line":42,"column":0},"end":{"line":42,"column":23}},"42":{"start":{"line":43,"column":0},"end":{"line":43,"column":11}},"44":{"start":{"line":45,"column":0},"end":{"line":45,"column":52}},"45":{"start":{"line":46,"column":0},"end":{"line":46,"column":30}},"46":{"start":{"line":47,"column":0},"end":{"line":47,"column":36}},"47":{"start":{"line":48,"column":0},"end":{"line":48,"column":35}},"48":{"start":{"line":49,"column":0},"end":{"line":49,"column":62}},"49":{"start":{"line":50,"column":0},"end":{"line":50,"column":14}},"50":{"start":{"line":51,"column":0},"end":{"line":51,"column":53}},"51":{"start":{"line":52,"column":0},"end":{"line":52,"column":63}},"52":{"start":{"line":53,"column":0},"end":{"line":53,"column":14}},"53":{"start":{"line":54,"column":0},"end":{"line":54,"column":41}},"54":{"start":{"line":55,"column":0},"end":{"line":55,"column":47}},"55":{"start":{"line":56,"column":0},"end":{"line":56,"column":9}},"56":{"start":{"line":57,"column":0},"end":{"line":57,"column":6}},"58":{"start":{"line":59,"column":0},"end":{"line":59,"column":18}},"59":{"start":{"line":60,"column":0},"end":{"line":60,"column":16}},"60":{"start":{"line":61,"column":0},"end":{"line":61,"column":33}},"61":{"start":{"line":62,"column":0},"end":{"line":62,"column":26}},"62":{"start":{"line":63,"column":0},"end":{"line":63,"column":47}},"63":{"start":{"line":64,"column":0},"end":{"line":64,"column":70}},"64":{"start":{"line":65,"column":0},"end":{"line":65,"column":23}},"65":{"start":{"line":66,"column":0},"end":{"line":66,"column":26}},"66":{"start":{"line":67,"column":0},"end":{"line":67,"column":18}},"68":{"start":{"line":69,"column":0},"end":{"line":69,"column":5}},"70":{"start":{"line":71,"column":0},"end":{"line":71,"column":12}},"71":{"start":{"line":72,"column":0},"end":{"line":72,"column":29}},"72":{"start":{"line":73,"column":0},"end":{"line":73,"column":22}},"73":{"start":{"line":74,"column":0},"end":{"line":74,"column":43}},"74":{"start":{"line":75,"column":0},"end":{"line":75,"column":52}},"75":{"start":{"line":76,"column":0},"end":{"line":76,"column":41}},"76":{"start":{"line":77,"column":0},"end":{"line":77,"column":51}},"77":{"start":{"line":78,"column":0},"end":{"line":78,"column":52}},"78":{"start":{"line":79,"column":0},"end":{"line":79,"column":91}},"79":{"start":{"line":80,"column":0},"end":{"line":80,"column":51}},"80":{"start":{"line":81,"column":0},"end":{"line":81,"column":40}},"81":{"start":{"line":82,"column":0},"end":{"line":82,"column":87}},"82":{"start":{"line":83,"column":0},"end":{"line":83,"column":58}},"83":{"start":{"line":84,"column":0},"end":{"line":84,"column":65}},"84":{"start":{"line":85,"column":0},"end":{"line":85,"column":83}},"85":{"start":{"line":86,"column":0},"end":{"line":86,"column":38}},"87":{"start":{"line":88,"column":0},"end":{"line":88,"column":62}},"88":{"start":{"line":89,"column":0},"end":{"line":89,"column":84}},"89":{"start":{"line":90,"column":0},"end":{"line":90,"column":96}},"90":{"start":{"line":91,"column":0},"end":{"line":91,"column":61}},"91":{"start":{"line":92,"column":0},"end":{"line":92,"column":100}},"93":{"start":{"line":94,"column":0},"end":{"line":94,"column":44}},"94":{"start":{"line":95,"column":0},"end":{"line":95,"column":74}},"95":{"start":{"line":96,"column":0},"end":{"line":96,"column":106}},"96":{"start":{"line":97,"column":0},"end":{"line":97,"column":67}},"98":{"start":{"line":99,"column":0},"end":{"line":99,"column":90}},"99":{"start":{"line":100,"column":0},"end":{"line":100,"column":45}},"100":{"start":{"line":101,"column":0},"end":{"line":101,"column":38}},"101":{"start":{"line":102,"column":0},"end":{"line":102,"column":34}},"102":{"start":{"line":103,"column":0},"end":{"line":103,"column":27}},"103":{"start":{"line":104,"column":0},"end":{"line":104,"column":26}},"104":{"start":{"line":105,"column":0},"end":{"line":105,"column":22}},"105":{"start":{"line":106,"column":0},"end":{"line":106,"column":19}},"106":{"start":{"line":107,"column":0},"end":{"line":107,"column":22}},"107":{"start":{"line":108,"column":0},"end":{"line":108,"column":24}},"108":{"start":{"line":109,"column":0},"end":{"line":109,"column":41}},"109":{"start":{"line":110,"column":0},"end":{"line":110,"column":56}},"110":{"start":{"line":111,"column":0},"end":{"line":111,"column":45}},"111":{"start":{"line":112,"column":0},"end":{"line":112,"column":14}},"112":{"start":{"line":113,"column":0},"end":{"line":113,"column":14}},"114":{"start":{"line":115,"column":0},"end":{"line":115,"column":2}},"116":{"start":{"line":117,"column":0},"end":{"line":117,"column":28}}},"s":{"0":1,"2":1,"3":1,"4":1,"5":1,"7":1,"8":20,"9":20,"10":20,"11":20,"13":20,"14":0,"15":0,"17":19,"19":19,"20":10,"21":10,"22":10,"23":10,"24":10,"25":10,"26":10,"27":10,"28":10,"29":40,"30":40,"31":24,"32":10,"33":10,"34":6,"35":10,"36":4,"37":10,"38":10,"39":10,"40":10,"41":10,"42":19,"44":19,"45":0,"46":0,"47":0,"48":0,"49":0,"50":0,"51":0,"52":0,"53":0,"54":0,"55":0,"56":0,"58":20,"59":10,"60":10,"61":10,"62":10,"63":10,"64":10,"65":10,"66":10,"68":10,"70":9,"71":9,"72":9,"73":9,"74":9,"75":9,"76":9,"77":9,"78":24,"79":24,"80":24,"81":24,"82":24,"83":24,"84":24,"85":24,"87":24,"88":24,"89":24,"90":24,"91":12,"93":24,"94":24,"95":24,"96":24,"98":24,"99":24,"100":24,"101":24,"102":9,"103":9,"104":9,"105":9,"106":9,"107":9,"108":9,"109":9,"110":9,"111":9,"112":9,"114":9,"116":1},"branchMap":{"0":{"type":"branch","line":8,"loc":{"start":{"line":8,"column":21},"end":{"line":115,"column":2}},"locations":[{"start":{"line":8,"column":21},"end":{"line":115,"column":2}}]},"1":{"type":"branch","line":14,"loc":{"start":{"line":14,"column":22},"end":{"line":16,"column":5}},"locations":[{"start":{"line":14,"column":22},"end":{"line":16,"column":5}}]},"2":{"type":"branch","line":16,"loc":{"start":{"line":16,"column":4},"end":{"line":59,"column":17}},"locations":[{"start":{"line":16,"column":4},"end":{"line":59,"column":17}}]},"3":{"type":"branch","line":59,"loc":{"start":{"line":59,"column":17},"end":{"line":69,"column":5}},"locations":[{"start":{"line":59,"column":17},"end":{"line":69,"column":5}}]},"4":{"type":"branch","line":69,"loc":{"start":{"line":69,"column":4},"end":{"line":115,"column":2}},"locations":[{"start":{"line":69,"column":4},"end":{"line":115,"column":2}}]},"5":{"type":"branch","line":20,"loc":{"start":{"line":20,"column":14},"end":{"line":43,"column":7}},"locations":[{"start":{"line":20,"column":14},"end":{"line":43,"column":7}}]},"6":{"type":"branch","line":21,"loc":{"start":{"line":21,"column":29},"end":{"line":41,"column":10}},"locations":[{"start":{"line":21,"column":29},"end":{"line":41,"column":10}}]},"7":{"type":"branch","line":34,"loc":{"start":{"line":34,"column":72},"end":{"line":36,"column":21}},"locations":[{"start":{"line":34,"column":72},"end":{"line":36,"column":21}}]},"8":{"type":"branch","line":36,"loc":{"start":{"line":36,"column":12},"end":{"line":38,"column":14}},"locations":[{"start":{"line":36,"column":12},"end":{"line":38,"column":14}}]},"9":{"type":"branch","line":29,"loc":{"start":{"line":29,"column":57},"end":{"line":33,"column":17}},"locations":[{"start":{"line":29,"column":57},"end":{"line":33,"column":17}}]},"10":{"type":"branch","line":30,"loc":{"start":{"line":30,"column":67},"end":{"line":31,"column":44}},"locations":[{"start":{"line":30,"column":67},"end":{"line":31,"column":44}}]},"11":{"type":"branch","line":31,"loc":{"start":{"line":31,"column":38},"end":{"line":31,"column":80}},"locations":[{"start":{"line":31,"column":38},"end":{"line":31,"column":80}}]},"12":{"type":"branch","line":31,"loc":{"start":{"line":31,"column":78},"end":{"line":32,"column":49}},"locations":[{"start":{"line":31,"column":78},"end":{"line":32,"column":49}}]},"13":{"type":"branch","line":78,"loc":{"start":{"line":78,"column":38},"end":{"line":102,"column":34}},"locations":[{"start":{"line":78,"column":38},"end":{"line":102,"column":34}}]},"14":{"type":"branch","line":91,"loc":{"start":{"line":91,"column":45},"end":{"line":92,"column":100}},"locations":[{"start":{"line":91,"column":45},"end":{"line":92,"column":100}}]},"15":{"type":"branch","line":96,"loc":{"start":{"line":96,"column":78},"end":{"line":96,"column":93}},"locations":[{"start":{"line":96,"column":78},"end":{"line":96,"column":93}}]},"16":{"type":"branch","line":96,"loc":{"start":{"line":96,"column":88},"end":{"line":96,"column":103}},"locations":[{"start":{"line":96,"column":88},"end":{"line":96,"column":103}}]},"17":{"type":"branch","line":99,"loc":{"start":{"line":99,"column":49},"end":{"line":99,"column":75}},"locations":[{"start":{"line":99,"column":49},"end":{"line":99,"column":75}}]},"18":{"type":"branch","line":99,"loc":{"start":{"line":99,"column":59},"end":{"line":99,"column":90}},"locations":[{"start":{"line":99,"column":59},"end":{"line":99,"column":90}}]},"19":{"type":"branch","line":101,"loc":{"start":{"line":101,"column":32},"end":{"line":101,"column":38}},"locations":[{"start":{"line":101,"column":32},"end":{"line":101,"column":38}}]}},"b":{"0":[20],"1":[0],"2":[19],"3":[10],"4":[9],"5":[10],"6":[10],"7":[6],"8":[4],"9":[40],"10":[24],"11":[0],"12":[24],"13":[24],"14":[12],"15":[18],"16":[6],"17":[18],"18":[6],"19":[0]},"fnMap":{"0":{"name":"ProductsPage","decl":{"start":{"line":8,"column":21},"end":{"line":115,"column":2}},"loc":{"start":{"line":8,"column":21},"end":{"line":115,"column":2}},"line":8},"1":{"name":"loadProducts","decl":{"start":{"line":21,"column":29},"end":{"line":41,"column":10}},"loc":{"start":{"line":21,"column":29},"end":{"line":41,"column":10}},"line":21},"2":{"name":"handleReviewSubmit","decl":{"start":{"line":45,"column":31},"end":{"line":57,"column":6}},"loc":{"start":{"line":45,"column":31},"end":{"line":57,"column":6}},"line":45},"3":{"name":"onClick","decl":{"start":{"line":85,"column":49},"end":{"line":85,"column":83}},"loc":{"start":{"line":85,"column":49},"end":{"line":85,"column":83}},"line":85},"4":{"name":"onClick","decl":{"start":{"line":95,"column":49},"end":{"line":95,"column":74}},"loc":{"start":{"line":95,"column":49},"end":{"line":95,"column":74}},"line":95},"5":{"name":"onClose","decl":{"start":{"line":110,"column":25},"end":{"line":110,"column":56}},"loc":{"start":{"line":110,"column":25},"end":{"line":110,"column":56}},"line":110}},"f":{"0":20,"1":10,"2":0,"3":0,"4":0,"5":0}}
,"/Users/dyeyyyc/Documents/GitHub/github-event/hol-copilot-lab/eCommApp/src/components/ReviewModal.tsx": {"path":"/Users/dyeyyyc/Documents/GitHub/github-event/hol-copilot-lab/eCommApp/src/components/ReviewModal.tsx","all":false,"statementMap":{"8":{"start":{"line":9,"column":0},"end":{"line":9,"column":75}},"9":{"start":{"line":10,"column":0},"end":{"line":10,"column":30}},"11":{"start":{"line":12,"column":0},"end":{"line":12,"column":67}},"12":{"start":{"line":13,"column":0},"end":{"line":13,"column":27}},"13":{"start":{"line":14,"column":0},"end":{"line":14,"column":96}},"14":{"start":{"line":15,"column":0},"end":{"line":15,"column":101}},"15":{"start":{"line":16,"column":0},"end":{"line":16,"column":70}},"16":{"start":{"line":17,"column":0},"end":{"line":17,"column":32}},"17":{"start":{"line":18,"column":0},"end":{"line":18,"column":6}},"19":{"start":{"line":20,"column":0},"end":{"line":20,"column":12}},"20":{"start":{"line":21,"column":0},"end":{"line":21,"column":58}},"21":{"start":{"line":22,"column":0},"end":{"line":22,"column":78}},"22":{"start":{"line":23,"column":0},"end":{"line":23,"column":51}},"23":{"start":{"line":24,"column":0},"end":{"line":24,"column":46}},"24":{"start":{"line":25,"column":0},"end":{"line":25,"column":51}},"25":{"start":{"line":26,"column":0},"end":{"line":26,"column":64}},"26":{"start":{"line":27,"column":0},"end":{"line":27,"column":64}},"27":{"start":{"line":28,"column":0},"end":{"line":28,"column":119}},"28":{"start":{"line":29,"column":0},"end":{"line":29,"column":90}},"29":{"start":{"line":30,"column":0},"end":{"line":30,"column":34}},"30":{"start":{"line":31,"column":0},"end":{"line":31,"column":26}},"32":{"start":{"line":33,"column":0},"end":{"line":33,"column":46}},"34":{"start":{"line":35,"column":0},"end":{"line":35,"column":22}},"35":{"start":{"line":36,"column":0},"end":{"line":36,"column":70}},"36":{"start":{"line":37,"column":0},"end":{"line":37,"column":43}},"37":{"start":{"line":38,"column":0},"end":{"line":38,"column":88}},"38":{"start":{"line":39,"column":0},"end":{"line":39,"column":82}},"39":{"start":{"line":40,"column":0},"end":{"line":40,"column":57}},"40":{"start":{"line":41,"column":0},"end":{"line":41,"column":23}},"41":{"start":{"line":42,"column":0},"end":{"line":42,"column":81}},"42":{"start":{"line":43,"column":0},"end":{"line":43,"column":18}},"43":{"start":{"line":44,"column":0},"end":{"line":44,"column":14}},"45":{"start":{"line":46,"column":0},"end":{"line":46,"column":2}},"47":{"start":{"line":48,"column":0},"end":{"line":48,"column":27}}},"s":{"8":1,"9":11,"11":10,"12":2,"13":2,"14":2,"15":2,"16":2,"17":2,"19":10,"20":10,"21":10,"22":10,"23":10,"24":10,"25":2,"26":4,"27":4,"28":4,"29":4,"30":2,"32":8,"34":11,"35":11,"36":11,"37":11,"38":11,"39":11,"40":11,"41":11,"42":11,"43":11,"45":11,"47":1},"branchMap":{"0":{"type":"branch","line":9,"loc":{"start":{"line":9,"column":20},"end":{"line":46,"column":2}},"locations":[{"start":{"line":9,"column":20},"end":{"line":46,"column":2}}]},"1":{"type":"branch","line":10,"loc":{"start":{"line":10,"column":18},"end":{"line":10,"column":30}},"locations":[{"start":{"line":10,"column":18},"end":{"line":10,"column":30}}]},"2":{"type":"branch","line":10,"loc":{"start":{"line":10,"column":25},"end":{"line":25,"column":51}},"locations":[{"start":{"line":10,"column":25},"end":{"line":25,"column":51}}]},"3":{"type":"branch","line":25,"loc":{"start":{"line":25,"column":46},"end":{"line":31,"column":26}},"locations":[{"start":{"line":25,"column":46},"end":{"line":31,"column":26}}]},"4":{"type":"branch","line":31,"loc":{"start":{"line":31,"column":25},"end":{"line":33,"column":46}},"locations":[{"start":{"line":31,"column":25},"end":{"line":33,"column":46}}]},"5":{"type":"branch","line":12,"loc":{"start":{"line":12,"column":25},"end":{"line":18,"column":6}},"locations":[{"start":{"line":12,"column":25},"end":{"line":18,"column":6}}]},"6":{"type":"branch","line":22,"loc":{"start":{"line":22,"column":52},"end":{"line":22,"column":78}},"locations":[{"start":{"line":22,"column":52},"end":{"line":22,"column":78}}]},"7":{"type":"branch","line":26,"loc":{"start":{"line":26,"column":44},"end":{"line":30,"column":34}},"locations":[{"start":{"line":26,"column":44},"end":{"line":30,"column":34}}]}},"b":{"0":[11],"1":[1],"2":[10],"3":[2],"4":[8],"5":[2],"6":[8],"7":[4]},"fnMap":{"0":{"name":"ReviewModal","decl":{"start":{"line":9,"column":20},"end":{"line":46,"column":2}},"loc":{"start":{"line":9,"column":20},"end":{"line":46,"column":2}},"line":9},"1":{"name":"handleSubmit","decl":{"start":{"line":12,"column":25},"end":{"line":18,"column":6}},"loc":{"start":{"line":12,"column":25},"end":{"line":18,"column":6}},"line":12},"2":{"name":"onClick","decl":{"start":{"line":22,"column":52},"end":{"line":22,"column":78}},"loc":{"start":{"line":22,"column":52},"end":{"line":22,"column":78}},"line":22}},"f":{"0":11,"1":2,"2":8}}
,"/Users/dyeyyyc/Documents/GitHub/github-event/hol-copilot-lab/eCommApp/src/context/CartContext.tsx": {"path":"/Users/dyeyyyc/Documents/GitHub/github-event/hol-copilot-lab/eCommApp/src/context/CartContext.tsx","all":false,"statementMap":{"0":{"start":{"line":1,"column":0},"end":{"line":1,"column":66}},"13":{"start":{"line":14,"column":0},"end":{"line":14,"column":81}},"15":{"start":{"line":16,"column":0},"end":{"line":16,"column":82}},"16":{"start":{"line":17,"column":0},"end":{"line":17,"column":63}},"18":{"start":{"line":19,"column":0},"end":{"line":19,"column":45}},"19":{"start":{"line":20,"column":0},"end":{"line":20,"column":35}},"20":{"start":{"line":21,"column":0},"end":{"line":21,"column":78}},"21":{"start":{"line":22,"column":0},"end":{"line":22,"column":29}},"22":{"start":{"line":23,"column":0},"end":{"line":23,"column":44}},"23":{"start":{"line":24,"column":0},"end":{"line":24,"column":92}},"24":{"start":{"line":25,"column":0},"end":{"line":25,"column":18}},"25":{"start":{"line":26,"column":0},"end":{"line":26,"column":20}},"26":{"start":{"line":27,"column":0},"end":{"line":27,"column":67}},"27":{"start":{"line":28,"column":0},"end":{"line":28,"column":13}},"28":{"start":{"line":29,"column":0},"end":{"line":29,"column":11}},"29":{"start":{"line":30,"column":0},"end":{"line":30,"column":6}},"31":{"start":{"line":32,"column":0},"end":{"line":32,"column":29}},"32":{"start":{"line":33,"column":0},"end":{"line":33,"column":25}},"33":{"start":{"line":34,"column":0},"end":{"line":34,"column":6}},"35":{"start":{"line":36,"column":0},"end":{"line":36,"column":12}},"36":{"start":{"line":37,"column":0},"end":{"line":37,"column":74}},"37":{"start":{"line":38,"column":0},"end":{"line":38,"column":22}},"38":{"start":{"line":39,"column":0},"end":{"line":39,"column":31}},"40":{"start":{"line":41,"column":0},"end":{"line":41,"column":2}}},"s":{"0":1,"13":1,"15":1,"16":22,"18":22,"19":0,"20":0,"21":0,"22":0,"23":0,"24":0,"25":0,"26":0,"27":0,"28":0,"29":0,"31":22,"32":0,"33":0,"35":22,"36":22,"37":22,"38":22,"40":22},"branchMap":{"0":{"type":"branch","line":16,"loc":{"start":{"line":16,"column":63},"end":{"line":41,"column":2}},"locations":[{"start":{"line":16,"column":63},"end":{"line":41,"column":2}}]}},"b":{"0":[22]},"fnMap":{"0":{"name":"CartProvider","decl":{"start":{"line":16,"column":63},"end":{"line":41,"column":2}},"loc":{"start":{"line":16,"column":63},"end":{"line":41,"column":2}},"line":16},"1":{"name":"addToCart","decl":{"start":{"line":19,"column":22},"end":{"line":30,"column":6}},"loc":{"start":{"line":19,"column":22},"end":{"line":30,"column":6}},"line":19},"2":{"name":"clearCart","decl":{"start":{"line":32,"column":22},"end":{"line":34,"column":6}},"loc":{"start":{"line":32,"column":22},"end":{"line":34,"column":6}},"line":32}},"f":{"0":22,"1":0,"2":0}}
,"/Users/dyeyyyc/Documents/GitHub/github-event/hol-copilot-lab/eCommApp/src/types/index.ts": {"path":"/Users/dyeyyyc/Documents/GitHub/github-event/hol-copilot-lab/eCommApp/src/types/index.ts","all":true,"statementMap":{},"s":{},"branchMap":{"0":{"type":"branch","line":1,"loc":{"start":{"line":1,"column":514},"end":{"line":32,"column":1}},"locations":[{"start":{"line":1,"column":514},"end":{"line":32,"column":1}}]}},"b":{"0":[1]},"fnMap":{"0":{"name":"(empty-report)","decl":{"start":{"line":1,"column":514},"end":{"line":32,"column":1}},"loc":{"start":{"line":1,"column":514},"end":{"line":32,"column":1}},"line":1}},"f":{"0":1}}
,"/Users/dyeyyyc/Documents/GitHub/github-event/hol-copilot-lab/eCommApp/src/utils/helpers.ts": {"path":"/Users/dyeyyyc/Documents/GitHub/github-event/hol-copilot-lab/eCommApp/src/utils/helpers.ts","all":false,"statementMap":{"2":{"start":{"line":3,"column":0},"end":{"line":3,"column":55}},"3":{"start":{"line":4,"column":0},"end":{"line":4,"column":41}},"4":{"start":{"line":5,"column":0},"end":{"line":5,"column":22}},"5":{"start":{"line":6,"column":0},"end":{"line":6,"column":19}},"6":{"start":{"line":7,"column":0},"end":{"line":7,"column":18}},"7":{"start":{"line":8,"column":0},"end":{"line":8,"column":1}},"9":{"start":{"line":10,"column":0},"end":{"line":10,"column":94}},"10":{"start":{"line":11,"column":0},"end":{"line":11,"column":79}},"11":{"start":{"line":12,"column":0},"end":{"line":12,"column":1}},"13":{"start":{"line":14,"column":0},"end":{"line":14,"column":58}},"14":{"start":{"line":15,"column":0},"end":{"line":15,"column":49}},"15":{"start":{"line":16,"column":0},"end":{"line":16,"column":31}},"16":{"start":{"line":17,"column":0},"end":{"line":17,"column":1}}},"s":{"2":1,"3":7,"4":7,"5":7,"6":7,"7":7,"9":1,"10":7,"11":7,"13":1,"14":11,"15":11,"16":11},"branchMap":{"0":{"type":"branch","line":3,"loc":{"start":{"line":3,"column":27},"end":{"line":8,"column":1}},"locations":[{"start":{"line":3,"column":27},"end":{"line":8,"column":1}}]},"1":{"type":"branch","line":10,"loc":{"start":{"line":10,"column":30},"end":{"line":12,"column":1}},"locations":[{"start":{"line":10,"column":30},"end":{"line":12,"column":1}}]},"2":{"type":"branch","line":11,"loc":{"start":{"line":11,"column":22},"end":{"line":11,"column":77}},"locations":[{"start":{"line":11,"column":22},"end":{"line":11,"column":77}}]},"3":{"type":"branch","line":14,"loc":{"start":{"line":14,"column":29},"end":{"line":17,"column":1}},"locations":[{"start":{"line":14,"column":29},"end":{"line":17,"column":1}}]}},"b":{"0":[7],"1":[7],"2":[9],"3":[11]},"fnMap":{"0":{"name":"formatPrice","decl":{"start":{"line":3,"column":27},"end":{"line":8,"column":1}},"loc":{"start":{"line":3,"column":27},"end":{"line":8,"column":1}},"line":3},"1":{"name":"calculateTotal","decl":{"start":{"line":10,"column":30},"end":{"line":12,"column":1}},"loc":{"start":{"line":10,"column":30},"end":{"line":12,"column":1}},"line":10},"2":{"name":"validateEmail","decl":{"start":{"line":14,"column":29},"end":{"line":17,"column":1}},"loc":{"start":{"line":14,"column":29},"end":{"line":17,"column":1}},"line":14}},"f":{"0":7,"1":7,"2":11}}
}
